<?xml version="1.0" encoding="UTF-8"?>
<!-- Generated by org.testng.reporters.JUnitReportReporter -->
<testsuite skipped="0" hostname="sokalise" name="com.training.sanity.tests.AdminLogin" tests="1" failures="0" timestamp="22 Nov 2019 02:08:12 GMT" time="76.467" errors="0">
  <testcase name="validLoginTest" time="76.467" classname="com.training.sanity.tests.AdminLogin"/>
</testsuite> <!-- com.training.sanity.tests.AdminLogin -->
