<?xml version="1.0" encoding="UTF-8"?>
<!-- Generated by org.testng.reporters.JUnitReportReporter -->
<testsuite skipped="0" hostname="sokalise" name="simple.Tests" tests="1" failures="0" timestamp="19 Nov 2019 03:28:39 GMT" time="31.510" errors="0">
  <testcase name="magentoLogin" time="31.510" classname="simple.Tests"/>
</testsuite> <!-- simple.Tests -->
