<?xml version="1.0" encoding="UTF-8"?>
<!-- Generated by org.testng.reporters.JUnitReportReporter -->
<testsuite skipped="0" hostname="sokalise" name="com.training.sanity.tests.LoginTests" tests="1" failures="0" timestamp="19 Nov 2019 04:40:01 GMT" time="86.757" errors="0">
  <testcase name="validLoginTest" time="86.757" classname="com.training.sanity.tests.LoginTests"/>
</testsuite> <!-- com.training.sanity.tests.LoginTests -->
